<?xml version="1.0" encoding="UTF-8"?>
<testng-results ignored="0" total="2" passed="2" failed="0" skipped="0">
  <reporter-output>
  </reporter-output>
  <suite started-at="2022-09-08T23:06:20 IST" name="Default suite" finished-at="2022-09-08T23:06:20 IST" duration-ms="74">
    <groups>
    </groups>
    <test started-at="2022-09-08T23:06:20 IST" name="Default test" finished-at="2022-09-08T23:06:20 IST" duration-ms="74">
      <class name="RCBTeam">
        <test-method signature="atLeastOnrWicket()[pri:0, instance:RCBTeam@53aad5d5]" started-at="2022-09-08T23:06:20 IST" name="atLeastOnrWicket" finished-at="2022-09-08T23:06:20 IST" duration-ms="21" status="PASS">
          <reporter-output>
          </reporter-output>
        </test-method> <!-- atLeastOnrWicket -->
        <test-method signature="listofForeignPlayers()[pri:0, instance:RCBTeam@53aad5d5]" started-at="2022-09-08T23:06:20 IST" name="listofForeignPlayers" finished-at="2022-09-08T23:06:20 IST" duration-ms="6" status="PASS">
          <reporter-output>
          </reporter-output>
        </test-method> <!-- listofForeignPlayers -->
      </class> <!-- RCBTeam -->
    </test> <!-- Default test -->
  </suite> <!-- Default suite -->
</testng-results>
